Release 14.7 Map P.20131013 (nt)
Xilinx Mapping Report File for Design 'Task2Proper'

Design Information
------------------
Command Line   : map -intstyle ise -p xc3s100e-cp132-5 -cm area -ir off -pr off
-c 100 -o Task2Proper_map.ncd Task2Proper.ngd Task2Proper.pcf 
Target Device  : xc3s100e
Target Package : cp132
Target Speed   : -5
Mapper Version : spartan3e -- $Revision: 1.55 $
Mapped Date    : Wed Nov 25 14:27:40 2015

Design Summary
--------------
Number of errors   :   2
Number of warnings :   0

Section 1 - Errors
------------------
ERROR:Map:116 - The design is empty.  No processing will be done.
ERROR:Map:52 - Problem encountered processing RPMs. 

Section 2 - Warnings
--------------------

Section 3 - Informational
-------------------------
